<?xml version="1.0" encoding="UTF-8"?>
<coverage generated="1778845728269" clover="3.2.0">
  <project timestamp="1778845728269" name="All files">
    <metrics statements="19" coveredstatements="19" conditionals="10" coveredconditionals="10" methods="1" coveredmethods="1" elements="30" coveredelements="30" complexity="0" loc="19" ncloc="19" packages="1" files="1" classes="1"/>
    <file name="sanitizeFilename.js" path="C:\Users\User\AppData\Local\Temp\han-workspaces\3615558244818192aa07c38a74c7f030\src\sanitizeFilename.js">
      <metrics statements="19" coveredstatements="19" conditionals="10" coveredconditionals="10" methods="1" coveredmethods="1"/>
      <line num="1" count="1" type="stmt"/>
      <line num="3" count="1" type="stmt"/>
      <line num="4" count="1" type="stmt"/>
      <line num="5" count="1" type="stmt"/>
      <line num="19" count="23" type="cond" truecount="4" falsecount="0"/>
      <line num="20" count="3" type="stmt"/>
      <line num="24" count="20" type="stmt"/>
      <line num="28" count="20" type="stmt"/>
      <line num="31" count="20" type="stmt"/>
      <line num="34" count="20" type="stmt"/>
      <line num="37" count="20" type="cond" truecount="2" falsecount="0"/>
      <line num="38" count="1" type="stmt"/>
      <line num="39" count="1" type="stmt"/>
      <line num="40" count="1" type="stmt"/>
      <line num="41" count="1" type="stmt"/>
      <line num="45" count="20" type="cond" truecount="4" falsecount="0"/>
      <line num="46" count="2" type="stmt"/>
      <line num="48" count="18" type="stmt"/>
      <line num="51" count="1" type="stmt"/>
    </file>
  </project>
</coverage>
