{"C:\\Users\\User\\AppData\\Local\\Temp\\han-workspaces\\3615558244818192aa07c38a74c7f030\\src\\sanitizeFilename.js": {"path":"C:\\Users\\User\\AppData\\Local\\Temp\\han-workspaces\\3615558244818192aa07c38a74c7f030\\src\\sanitizeFilename.js","statementMap":{"0":{"start":{"line":1,"column":13},"end":{"line":1,"column":28}},"1":{"start":{"line":3,"column":21},"end":{"line":3,"column":40}},"2":{"start":{"line":4,"column":31},"end":{"line":4,"column":40}},"3":{"start":{"line":5,"column":28},"end":{"line":5,"column":31}},"4":{"start":{"line":19,"column":2},"end":{"line":21,"column":3}},"5":{"start":{"line":20,"column":4},"end":{"line":20,"column":20}},"6":{"start":{"line":24,"column":13},"end":{"line":24,"column":36}},"7":{"start":{"line":28,"column":2},"end":{"line":28,"column":46}},"8":{"start":{"line":31,"column":2},"end":{"line":31,"column":41}},"9":{"start":{"line":34,"column":2},"end":{"line":34,"column":50}},"10":{"start":{"line":37,"column":2},"end":{"line":42,"column":3}},"11":{"start":{"line":38,"column":16},"end":{"line":38,"column":34}},"12":{"start":{"line":39,"column":17},"end":{"line":39,"column":41}},"13":{"start":{"line":40,"column":24},"end":{"line":40,"column":56}},"14":{"start":{"line":41,"column":4},"end":{"line":41,"column":44}},"15":{"start":{"line":45,"column":2},"end":{"line":47,"column":3}},"16":{"start":{"line":46,"column":4},"end":{"line":46,"column":20}},"17":{"start":{"line":48,"column":2},"end":{"line":48,"column":14}},"18":{"start":{"line":51,"column":0},"end":{"line":51,"column":38}}},"fnMap":{"0":{"name":"sanitizeFilename","decl":{"start":{"line":18,"column":9},"end":{"line":18,"column":25}},"loc":{"start":{"line":18,"column":36},"end":{"line":49,"column":1}},"line":18}},"branchMap":{"0":{"loc":{"start":{"line":19,"column":2},"end":{"line":21,"column":3}},"type":"if","locations":[{"start":{"line":19,"column":2},"end":{"line":21,"column":3}},{"start":{},"end":{}}],"line":19},"1":{"loc":{"start":{"line":19,"column":6},"end":{"line":19,"column":47}},"type":"binary-expr","locations":[{"start":{"line":19,"column":6},"end":{"line":19,"column":15}},{"start":{"line":19,"column":19},"end":{"line":19,"column":47}}],"line":19},"2":{"loc":{"start":{"line":37,"column":2},"end":{"line":42,"column":3}},"type":"if","locations":[{"start":{"line":37,"column":2},"end":{"line":42,"column":3}},{"start":{},"end":{}}],"line":37},"3":{"loc":{"start":{"line":45,"column":2},"end":{"line":47,"column":3}},"type":"if","locations":[{"start":{"line":45,"column":2},"end":{"line":47,"column":3}},{"start":{},"end":{}}],"line":45},"4":{"loc":{"start":{"line":45,"column":6},"end":{"line":45,"column":40}},"type":"binary-expr","locations":[{"start":{"line":45,"column":6},"end":{"line":45,"column":11}},{"start":{"line":45,"column":15},"end":{"line":45,"column":40}}],"line":45}},"s":{"0":1,"1":1,"2":1,"3":1,"4":23,"5":3,"6":20,"7":20,"8":20,"9":20,"10":20,"11":1,"12":1,"13":1,"14":1,"15":20,"16":2,"17":18,"18":1},"f":{"0":23},"b":{"0":[3,20],"1":[23,20],"2":[1,19],"3":[2,18],"4":[20,19]},"_coverageSchema":"1a1c01bbd47fc00a2c39e90264f33305004495a9","hash":"dc7421393de6f350222a5dbde1f641c9eefdba1d"}
}
